2023-11-22 17:51:22,137 logger_util -> INFO: Updating Chromedriver
2023-11-22 17:51:22,201 logger_util -> DEBUG: Initializing Chrome WebDriver
2023-11-22 17:51:26,053 logger_util -> DEBUG: Checking login status
2023-11-22 17:51:41,086 logger_util -> DEBUG: Not logged in to the web GUI: False
2023-11-22 17:51:41,086 logger_util -> DEBUG: Attempting to log in via WEBGUI
2023-11-22 17:51:48,256 logger_util -> DEBUG: Checking login status
2023-11-22 17:51:48,285 logger_util -> DEBUG: Logged in to the web GUI: True
2023-11-22 17:51:48,286 logger_util -> DEBUG: Performing device health check...
2023-11-22 17:51:48,287 logger_util -> DEBUG: Checking GPON status
2023-11-22 17:51:48,287 logger_util -> DEBUG: Searching for the keyword: 'WAN Information'
2023-11-22 17:51:49,341 logger_util -> DEBUG: Element found using locator: xpath='//input[@id='menu1']'
2023-11-22 17:51:53,819 logger_util -> DEBUG: Found and clicked on the result containing 'WAN Information'
2023-11-22 17:51:54,868 logger_util -> DEBUG: Element found using locator: xpath='//*[@id="main"]/div[6]/div[1]/div/div[17]/p'
2023-11-22 17:51:54,885 logger_util -> INFO: GPON Status: OPERATION (O5)
2023-11-22 17:51:54,886 logger_util -> DEBUG: Checking WAN IPv4 Address
2023-11-22 17:51:55,923 logger_util -> DEBUG: Element found using locator: xpath='//*[@id="breadCrumb"]'
2023-11-22 17:51:56,987 logger_util -> DEBUG: Element found using locator: xpath='//*[@id="mainMenu1"]'
2023-11-22 17:51:58,477 logger_util -> DEBUG: Checking WAN IPv4 Address
2023-11-22 17:51:59,516 logger_util -> DEBUG: Element found using locator: xpath='//*[@id="breadCrumb"]'
2023-11-22 17:52:00,591 logger_util -> DEBUG: Element found using locator: xpath='//*[@id="main"]/div[6]/div[2]/div[4]/div[3]/div[5]/p'
2023-11-22 17:52:00,609 logger_util -> INFO: WAN IPv4 Address : 10.63.66.181
2023-11-22 17:52:00,609 logger_util -> DEBUG: Checking WAN IPv6 Address
2023-11-22 17:52:01,639 logger_util -> DEBUG: Element found using locator: xpath='//*[@id="breadCrumb"]'
2023-11-22 17:52:02,704 logger_util -> DEBUG: Element found using locator: xpath='//*[@id="main"]/div[6]/div[2]/div[4]/div[3]/div[7]/p[1]'
2023-11-22 17:52:03,767 logger_util -> DEBUG: Element found using locator: xpath='//*[@id="main"]/div[6]/div[2]/div[4]/div[3]/div[7]/p[2]'
2023-11-22 17:52:03,784 logger_util -> INFO: WAN IPv6 Address : 2405:201:fffb:400::11/128
2023-11-22 17:52:03,784 logger_util -> DEBUG: Getting WAN Port Configuration
2023-11-22 17:52:03,785 logger_util -> DEBUG: Searching for the keyword: 'WAN Port Configuration'
2023-11-22 17:52:04,827 logger_util -> DEBUG: Element found using locator: xpath='//input[@id='menu1']'
2023-11-22 17:52:08,974 logger_util -> DEBUG: Found and clicked on the result containing 'WAN Port Configuration'
2023-11-22 17:52:10,023 logger_util -> DEBUG: Element found using locator: xpath='//input[@id='tf1_vlanId']'
2023-11-22 17:52:10,057 logger_util -> INFO: WAN Port Configuration found: 1015
2023-11-22 17:52:10,057 logger_util -> DEBUG: Retrieving Firmware Version...
2023-11-22 17:52:11,086 logger_util -> DEBUG: Element found using locator: xpath='//*[@id="breadCrumb"]'
2023-11-22 17:52:12,133 logger_util -> DEBUG: Element found using locator: xpath='//*[@id="mainMenu1"]'
2023-11-22 17:52:14,709 logger_util -> DEBUG: Element found using locator: xpath='/html/body/div[1]/div[1]/div[2]/p[1]/span'
2023-11-22 17:52:14,738 logger_util -> INFO: Firmware Version ARCNTF1_JCOW411_D2.30.1
2023-11-22 17:52:14,739 logger_util -> DEBUG: Checking IPv4 Connectivity with Ping
2023-11-22 17:52:23,998 logger_util -> INFO: IPv4 Ping is successful
2023-11-22 17:52:23,999 logger_util -> DEBUG: Checking IPv6 Connectivity with Ping
2023-11-22 17:52:33,157 logger_util -> INFO: IPv6 Ping is successful
2023-11-22 17:52:33,157 logger_util -> INFO: Device health check completed successfully.
2023-11-22 17:56:00,884 logger_util -> DEBUG: Element found using locator: xpath='//*[@id="mainMenu5"]'
2023-11-22 17:56:01,990 logger_util -> DEBUG: Element found using locator: xpath='//*[@id="tf1_administration_backupRestore"]'
2023-11-22 17:56:03,972 logger_util -> DEBUG: Element found using locator: xpath='//a[normalize-space()='Firmware Upgrade']'
2023-11-22 17:56:05,821 logger_util -> DEBUG: Element found using locator: xpath='//input[@id='txtUploadFile']'
2023-11-22 17:56:06,930 logger_util -> DEBUG: Element found using locator: xpath='//*[@id="tf1_frmUploadImg"]/div[1]/input[2]'
2023-11-22 17:56:09,991 logger_util -> INFO: Alert Accepted
2023-11-22 17:57:21,074 logger_util -> DEBUG: Element found using locator: xpath='//input[@id='txtSignatureFile']'
2023-11-22 17:57:22,161 logger_util -> DEBUG: Element found using locator: xpath='//*[@id="tf1_frmUploadSigImg"]/div[1]/input[2]'
